<?xml version="1.0" encoding="UTF-8"?>
<!-- Generated by org.testng.reporters.JUnitReportReporter -->
<testsuite hostname="stl-samiad" failures="0" tests="1" name="TravelMoneyCardTest" time="26.678" errors="0" timestamp="2020-10-16T11:00:31 AEDT" skipped="0">
  <testcase classname="TravelMoneyCardTest" name="TravelMoneyCard" time="26.678"/>
</testsuite> <!-- TravelMoneyCardTest -->
